\BOOKMARK [0][-]{chapter.1}{\376\377\000I\000n\000t\000r\000o\000d\000u\000c\000e\000r\000e}{}% 1
\BOOKMARK [1][-]{section.1.1}{\376\377\000O\000b\000i\000e\000c\000t\000i\000v\000e\000l\000e\000\040\000u\000r\000m\001\003\000r\000i\000t\000e}{chapter.1}% 2
\BOOKMARK [1][-]{section.1.2}{\376\377\000D\000e\000s\000c\000r\000i\000e\000r\000e\000a\000\040\000s\000o\000l\000u\002\033\000i\000e\000i}{chapter.1}% 3
\BOOKMARK [1][-]{section.1.3}{\376\377\000R\000e\000l\000e\000v\000a\000n\002\033\000a\000\040\000r\000e\000z\000u\000l\000t\000a\000t\000e\000l\000o\000r}{chapter.1}% 4
\BOOKMARK [1][-]{section.1.4}{\376\377\000S\000t\000r\000u\000c\000t\000u\000r\000a\000\040\000l\000u\000c\000r\001\003\000r\000i\000i}{chapter.1}% 5
\BOOKMARK [0][-]{chapter.2}{\376\377\000P\000r\000e\000z\000e\000n\000t\000a\000r\000e\000a\000\040\000p\000r\000o\000b\000l\000e\000m\000a\000t\000i\000c\000i\000i\000\040\000a\000b\000o\000r\000d\000a\000t\000e}{}% 6
\BOOKMARK [1][-]{section.2.1}{\376\377\000D\000e\000s\000c\000r\000i\000e\000r\000e\000a\000\040\000p\000r\000o\000b\000l\000e\000m\000e\000i}{chapter.2}% 7
\BOOKMARK [1][-]{section.2.2}{\376\377\000A\000b\000o\000r\000d\001\003\000r\000i\000\040\000e\000x\000i\000s\000t\000e\000n\000t\000e}{chapter.2}% 8
\BOOKMARK [1][-]{section.2.3}{\376\377\000A\000n\000a\000l\000i\000z\000a\000\040\000a\000b\000o\000r\001\003\000r\000i\000i\000\040\000p\000r\000o\000p\000u\000s\000e}{chapter.2}% 9
\BOOKMARK [0][-]{chapter.3}{\376\377\000C\000o\000n\000t\000r\000i\000b\000u\002\033\000i\000a\000\040\000a\000u\000t\000o\000r\000u\000l\000u\000i}{}% 10
\BOOKMARK [1][-]{section.3.1}{\376\377\000M\000o\000d\000e\000l\000\040\000p\000r\000o\000p\000u\000s}{chapter.3}% 11
\BOOKMARK [1][-]{section.3.2}{\376\377\000P\000r\000o\000i\000e\000c\000t\000a\000r\000e\000\040\002\031\000i\000\040\000i\000m\000p\000l\000e\000m\000e\000n\000t\000a\000r\000e}{chapter.3}% 12
\BOOKMARK [2][-]{subsection.3.2.1}{\376\377\000C\000o\000l\000e\000c\000t\000a\000r\000e\000a\000\040\000d\000e\000\040\000D\000a\000t\000e}{section.3.2}% 13
\BOOKMARK [2][-]{subsection.3.2.2}{\376\377\000P\000r\000e\000p\000r\000o\000c\000e\000s\000a\000r\000e}{section.3.2}% 14
\BOOKMARK [2][-]{subsection.3.2.3}{\376\377\000I\000n\000g\000i\000n\000e\000r\000i\000a\000\040\000D\000a\000t\000e\000l\000o\000r}{section.3.2}% 15
\BOOKMARK [2][-]{subsection.3.2.4}{\376\377\000P\000r\000e\000l\000u\000c\000r\000a\000r\000e\000a\000\040\000D\000a\000t\000e\000l\000o\000r}{section.3.2}% 16
\BOOKMARK [2][-]{subsection.3.2.5}{\376\377\000V\000i\000z\000u\000a\000l\000i\000z\000a\000r\000e}{section.3.2}% 17
\BOOKMARK [2][-]{subsection.3.2.6}{\376\377\000V\000a\000l\000i\000d\000a\000r\000e}{section.3.2}% 18
\BOOKMARK [0][-]{chapter.4}{\376\377\000R\000e\000z\000u\000l\000t\000a\000t\000e\000\040\000o\000b\002\033\000i\000n\000u\000t\000e}{}% 19
\BOOKMARK [1][-]{section.4.1}{\376\377\000C\000l\000u\000s\000t\000e\000r\000i\000z\000a\000r\000e\000\040\000i\000e\000r\000a\000r\000h\000i\000c\001\003\000\040\000a\000g\000l\000o\000m\000e\000r\000a\000t\000i\000v\001\003\000\040\002\031\000i\000\040\000g\000r\000u\000p\000a\000r\000e\000\040\000c\000o\000m\000p\000o\000r\000t\000a\000m\000e\000n\000t\000a\000l\001\003\000\040\000n\000e\000s\000u\000p\000r\000a\000v\000e\000g\000h\000e\000a\000t\001\003}{chapter.4}% 20
\BOOKMARK [1][-]{section.4.2}{\376\377\000P\000r\000o\000f\000i\000l\000e\000\040\000d\000e\000\040\000b\000a\000z\001\003\000\040\000a\000l\000e\000\040\000p\000a\000r\000t\000i\000c\000i\000p\000a\000n\002\033\000i\000l\000o\000r}{chapter.4}% 21
\BOOKMARK [1][-]{section.4.3}{\376\377\000A\000n\000a\000l\000i\000z\001\003\000\040\000c\000a\000l\000i\000t\000a\000t\000i\000v\001\003}{chapter.4}% 22
\BOOKMARK [2][-]{subsection.4.3.1}{\376\377\000R\000e\000z\000u\000m\000a\000t\000\040\000a\000l\000\040\000e\000v\000a\000l\000u\001\003\000r\000i\000i\000\040\000s\000u\000b\000i\000e\000c\002\033\000i\000l\000o\000r}{section.4.3}% 23
\BOOKMARK [2][-]{subsection.4.3.2}{\376\377\000A\000n\000a\000l\000i\000z\001\003\000\040\000c\000o\000m\000p\000a\000r\000a\000t\000i\000v\001\003\000\040\000a\000\040\000t\000r\000a\000i\000e\000c\000t\000o\000r\000i\000i\000l\000o\000r\000\040\000\356\000n\000t\000r\000e\000\040\000s\000c\000e\000n\000a\000r\000i\000i}{section.4.3}% 24
\BOOKMARK [2][-]{subsection.4.3.3}{\376\377\000I\000n\000d\000i\000c\000e\000l\000e\000\040\000c\000a\000n\000t\000i\000t\000a\000t\000i\000v\000\040\000d\000e\000\040\000a\000t\000i\000p\000i\000c\000i\000t\000a\000t\000e\000\040\002\031\000i\000\040\000g\000e\000n\000e\000r\000a\000r\000e\000\040\000a\000u\000t\000o\000m\000a\000t\001\003\000\040\000d\000e\000\040\000r\000a\000p\000o\000r\000t\000a\000r\000e}{section.4.3}% 25
\BOOKMARK [0][-]{chapter.5}{\376\377\000C\000o\000n\000c\000l\000u\000z\000i\000i\000\040\002\031\000i\000\040\000d\000i\000r\000e\000c\002\033\000i\000i\000\040\000v\000i\000i\000t\000o\000a\000r\000e}{}% 26
\BOOKMARK [0][-]{chapter.5}{\376\377\000B\000i\000b\000l\000i\000o\000g\000r\000a\000f\000i\000e}{}% 27
